[debug] [2020-05-09T12:05:49.507Z] ----------------------------------------------------------------------
[debug] [2020-05-09T12:05:49.511Z] Command:       C:\Program Files\nodejs\node.exe C:\Users\burak\AppData\Roaming\npm\node_modules\firebase-tools\lib\bin\firebase.js deploy --only hosting:haberibul
[debug] [2020-05-09T12:05:49.511Z] CLI Version:   8.2.0
[debug] [2020-05-09T12:05:49.511Z] Platform:      win32
[debug] [2020-05-09T12:05:49.512Z] Node Version:  v12.16.2
[debug] [2020-05-09T12:05:49.513Z] Time:          Sat May 09 2020 15:05:49 GMT+0300 (GMT+03:00)
[debug] [2020-05-09T12:05:49.514Z] ----------------------------------------------------------------------
[debug] [2020-05-09T12:05:49.514Z] 
[debug] [2020-05-09T12:05:49.537Z] > command requires scopes: ["email","openid","https://www.googleapis.com/auth/cloudplatformprojects.readonly","https://www.googleapis.com/auth/firebase","https://www.googleapis.com/auth/cloud-platform"]
[debug] [2020-05-09T12:05:49.539Z] > authorizing via signed-in user
[debug] [2020-05-09T12:05:49.540Z] [iam] checking project news-26417 for permissions ["firebase.projects.get","firebasehosting.sites.update"]
[debug] [2020-05-09T12:05:49.549Z] >>> HTTP REQUEST POST https://cloudresourcemanager.googleapis.com/v1/projects/news-26417:testIamPermissions  
 {"permissions":["firebase.projects.get","firebasehosting.sites.update"]}
[debug] [2020-05-09T12:05:50.727Z] <<< HTTP RESPONSE 200 {"content-type":"application/json; charset=UTF-8","vary":"X-Origin, Referer, Origin,Accept-Encoding","date":"Sat, 09 May 2020 12:05:50 GMT","server":"ESF","cache-control":"private","x-xss-protection":"0","x-frame-options":"SAMEORIGIN","x-content-type-options":"nosniff","server-timing":"gfet4t7; dur=947","alt-svc":"h3-27=\":443\"; ma=2592000,h3-25=\":443\"; ma=2592000,h3-Q050=\":443\"; ma=2592000,h3-Q049=\":443\"; ma=2592000,h3-Q048=\":443\"; ma=2592000,h3-Q046=\":443\"; ma=2592000,h3-Q043=\":443\"; ma=2592000,quic=\":443\"; ma=2592000; v=\"46,43\"","accept-ranges":"none","transfer-encoding":"chunked"}
[debug] [2020-05-09T12:05:50.730Z] >>> HTTP REQUEST GET https://firebase.googleapis.com/v1beta1/projects/news-26417  
 
[debug] [2020-05-09T12:05:51.089Z] <<< HTTP RESPONSE 200 {"content-type":"application/json; charset=UTF-8","vary":"X-Origin, Referer, Origin,Accept-Encoding","date":"Sat, 09 May 2020 12:05:50 GMT","server":"ESF","cache-control":"private","x-xss-protection":"0","x-frame-options":"SAMEORIGIN","x-content-type-options":"nosniff","alt-svc":"h3-27=\":443\"; ma=2592000,h3-25=\":443\"; ma=2592000,h3-Q050=\":443\"; ma=2592000,h3-Q049=\":443\"; ma=2592000,h3-Q048=\":443\"; ma=2592000,h3-Q046=\":443\"; ma=2592000,h3-Q043=\":443\"; ma=2592000,quic=\":443\"; ma=2592000; v=\"46,43\"","accept-ranges":"none","transfer-encoding":"chunked"}
[info] 
[info] === Deploying to 'news-26417'...
[info] 
[info] i  deploying hosting
[info] 
[info] +  Deploy complete!
[info] 
[info] Project Console: https://console.firebase.google.com/project/news-26417/overview
[debug] [2020-05-09T12:05:51.311Z] TypeError: Cannot read property 'deploys' of undefined
    at C:\Users\burak\AppData\Roaming\npm\node_modules\firebase-tools\lib\deploy\index.js:84:36
    at processTicksAndRejections (internal/process/task_queues.js:97:5)
[error] 
[error] Error: An unexpected error has occurred.
